<?xml version="1.0" encoding="UTF-8"?>
<!-- Generated by org.testng.reporters.JUnitReportReporter -->
<testsuite hostname="DESKTOP-DSICQ2F" failures="0" tests="2" name="naga.SeleniumTest" time="98.255" errors="0" timestamp="2022-07-02T10:38:14 IST" skipped="0">
  <testcase classname="naga.SeleniumTest" name="getdata" time="98.253"/>
  <system-out/>
  <testcase classname="naga.SeleniumTest" name="getBrowser" time="0.002"/>
  <system-out/>
</testsuite> <!-- naga.SeleniumTest -->
