<?xml version="1.0" encoding="UTF-8"?>
<!-- Generated by org.testng.reporters.JUnitReportReporter -->
<testsuite hostname="DESKTOP-DSICQ2F" failures="0" tests="2" name="naga.AppiumTest" time="0.005" errors="0" timestamp="2022-07-02T10:38:14 IST" skipped="0">
  <testcase classname="naga.AppiumTest" name="mobApp" time="0.001"/>
  <system-out/>
  <testcase classname="naga.AppiumTest" name="appDetails" time="0.004"/>
  <system-out/>
</testsuite> <!-- naga.AppiumTest -->
